<?xml version="1.0" encoding="UTF-8"?>
<testsuites name="jest tests" tests="3" failures="0" errors="0" time="5.126">
  <testsuite name="src/petstore/petstore-api.spec.ts" errors="0" failures="0" skipped="0" timestamp="2024-01-21T14:13:29" time="5.048" tests="3">
    <testcase classname="User Call Logs Suite" name="Make a call to GET API and get a list of all the available pets" time="1.773">
    </testcase>
    <testcase classname="User Call Logs Suite" name="Pick a random Pet ID and update the details of the Pet using a PUT call." time="1.157">
    </testcase>
    <testcase classname="User Call Logs Suite" name="Use the same pet ID to GET the details of the pet using the pet ID." time="1.015">
    </testcase>
  </testsuite>
</testsuites>